{"meta": {"format": 3, "version": "7.13.4", "timestamp": "2026-02-16T19:06:27.884128", "branch_coverage": false, "show_contexts": false}, "files": {"api/app.py": {"executed_lines": [1, 2, 3, 4, 5, 6, 7, 8, 9, 10, 13, 14, 17, 18, 19, 21, 22, 23, 25, 28, 29, 30, 31, 33, 35, 36, 39, 40, 42, 49, 50, 51, 52, 53, 57, 59, 60, 61, 62, 63, 64, 65, 66, 68, 69, 71, 87, 88, 90, 91, 92, 93, 96, 97, 98, 100, 101, 103, 105, 106, 107, 108, 109, 137], "summary": {"covered_lines": 64, "num_statements": 103, "percent_covered": 62.13592233009709, "percent_covered_display": "62", "missing_lines": 39, "excluded_lines": 0, "percent_statements_covered": 62.13592233009709, "percent_statements_covered_display": "62"}, "missing_lines": [15, 37, 43, 44, 45, 46, 47, 54, 55, 73, 74, 76, 77, 78, 79, 80, 81, 82, 83, 84, 85, 94, 111, 112, 113, 116, 117, 118, 121, 122, 123, 126, 127, 130, 132, 133, 134, 135, 138], "excluded_lines": [], "functions": {"_to_dataframe": {"executed_lines": [35, 36], "summary": {"covered_lines": 2, "num_statements": 3, "percent_covered": 66.66666666666667, "percent_covered_display": "67", "missing_lines": 1, "excluded_lines": 0, "percent_statements_covered": 66.66666666666667, "percent_statements_covered_display": "67"}, "missing_lines": [37], "excluded_lines": [], "start_line": 33}, "load_resources": {"executed_lines": [42, 49, 50, 51, 52, 53], "summary": {"covered_lines": 6, "num_statements": 13, "percent_covered": 46.15384615384615, "percent_covered_display": "46", "missing_lines": 7, "excluded_lines": 0, "percent_statements_covered": 46.15384615384615, "percent_statements_covered_display": "46"}, "missing_lines": [43, 44, 45, 46, 47, 54, 55], "excluded_lines": [], "start_line": 40}, "check_drift": {"executed_lines": [], "summary": {"covered_lines": 0, "num_statements": 12, "percent_covered": 0.0, "percent_covered_display": "0", "missing_lines": 12, "excluded_lines": 0, "percent_statements_covered": 0.0, "percent_statements_covered_display": "0"}, "missing_lines": [73, 74, 76, 77, 78, 79, 80, 81, 82, 83, 84, 85], "excluded_lines": [], "start_line": 71}, "get_metrics": {"executed_lines": [90, 91, 92, 93], "summary": {"covered_lines": 4, "num_statements": 5, "percent_covered": 80.0, "percent_covered_display": "80", "missing_lines": 1, "excluded_lines": 0, "percent_statements_covered": 80.0, "percent_statements_covered_display": "80"}, "missing_lines": [94], "excluded_lines": [], "start_line": 88}, "health": {"executed_lines": [98], "summary": {"covered_lines": 1, "num_statements": 1, "percent_covered": 100.0, "percent_covered_display": "100", "missing_lines": 0, "excluded_lines": 0, "percent_statements_covered": 100.0, "percent_statements_covered_display": "100"}, "missing_lines": [], "excluded_lines": [], "start_line": 97}, "get_drift": {"executed_lines": [103], "summary": {"covered_lines": 1, "num_statements": 1, "percent_covered": 100.0, "percent_covered_display": "100", "missing_lines": 0, "excluded_lines": 0, "percent_statements_covered": 100.0, "percent_statements_covered_display": "100"}, "missing_lines": [], "excluded_lines": [], "start_line": 101}, "predict": {"executed_lines": [107, 108, 109], "summary": {"covered_lines": 3, "num_statements": 19, "percent_covered": 15.789473684210526, "percent_covered_display": "16", "missing_lines": 16, "excluded_lines": 0, "percent_statements_covered": 15.789473684210526, "percent_statements_covered_display": "16"}, "missing_lines": [111, 112, 113, 116, 117, 118, 121, 122, 123, 126, 127, 130, 132, 133, 134, 135], "excluded_lines": [], "start_line": 106}, "": {"executed_lines": [1, 2, 3, 4, 5, 6, 7, 8, 9, 10, 13, 14, 17, 18, 19, 21, 22, 23, 25, 28, 29, 30, 31, 33, 39, 40, 57, 59, 60, 61, 62, 63, 64, 65, 66, 68, 69, 71, 87, 88, 96, 97, 100, 101, 105, 106, 137], "summary": {"covered_lines": 47, "num_statements": 49, "percent_covered": 95.91836734693878, "percent_covered_display": "96", "missing_lines": 2, "excluded_lines": 0, "percent_statements_covered": 95.91836734693878, "percent_statements_covered_display": "96"}, "missing_lines": [15, 138], "excluded_lines": [], "start_line": 1}}, "classes": {"StudentData": {"executed_lines": [], "summary": {"covered_lines": 0, "num_statements": 0, "percent_covered": 100.0, "percent_covered_display": "100", "missing_lines": 0, "excluded_lines": 0, "percent_statements_covered": 100.0, "percent_statements_covered_display": "100"}, "missing_lines": [], "excluded_lines": [], "start_line": 57}, "StudentData.Config": {"executed_lines": [], "summary": {"covered_lines": 0, "num_statements": 0, "percent_covered": 100.0, "percent_covered_display": "100", "missing_lines": 0, "excluded_lines": 0, "percent_statements_covered": 100.0, "percent_statements_covered_display": "100"}, "missing_lines": [], "excluded_lines": [], "start_line": 68}, "": {"executed_lines": [1, 2, 3, 4, 5, 6, 7, 8, 9, 10, 13, 14, 17, 18, 19, 21, 22, 23, 25, 28, 29, 30, 31, 33, 35, 36, 39, 40, 42, 49, 50, 51, 52, 53, 57, 59, 60, 61, 62, 63, 64, 65, 66, 68, 69, 71, 87, 88, 90, 91, 92, 93, 96, 97, 98, 100, 101, 103, 105, 106, 107, 108, 109, 137], "summary": {"covered_lines": 64, "num_statements": 103, "percent_covered": 62.13592233009709, "percent_covered_display": "62", "missing_lines": 39, "excluded_lines": 0, "percent_statements_covered": 62.13592233009709, "percent_statements_covered_display": "62"}, "missing_lines": [15, 37, 43, 44, 45, 46, 47, 54, 55, 73, 74, 76, 77, 78, 79, 80, 81, 82, 83, 84, 85, 94, 111, 112, 113, 116, 117, 118, 121, 122, 123, 126, 127, 130, 132, 133, 134, 135, 138], "excluded_lines": [], "start_line": 1}}}, "src/__init__.py": {"executed_lines": [], "summary": {"covered_lines": 0, "num_statements": 0, "percent_covered": 100.0, "percent_covered_display": "100", "missing_lines": 0, "excluded_lines": 0, "percent_statements_covered": 100.0, "percent_statements_covered_display": "100"}, "missing_lines": [], "excluded_lines": [], "functions": {"": {"executed_lines": [], "summary": {"covered_lines": 0, "num_statements": 0, "percent_covered": 100.0, "percent_covered_display": "100", "missing_lines": 0, "excluded_lines": 0, "percent_statements_covered": 100.0, "percent_statements_covered_display": "100"}, "missing_lines": [], "excluded_lines": [], "start_line": 1}}, "classes": {"": {"executed_lines": [], "summary": {"covered_lines": 0, "num_statements": 0, "percent_covered": 100.0, "percent_covered_display": "100", "missing_lines": 0, "excluded_lines": 0, "percent_statements_covered": 100.0, "percent_statements_covered_display": "100"}, "missing_lines": [], "excluded_lines": [], "start_line": 1}}}, "src/download_data.py": {"executed_lines": [1, 2, 4, 6, 7, 8, 10, 21, 22, 23, 24, 26, 27, 28, 29, 35], "summary": {"covered_lines": 16, "num_statements": 20, "percent_covered": 80.0, "percent_covered_display": "80", "missing_lines": 4, "excluded_lines": 0, "percent_statements_covered": 80.0, "percent_statements_covered_display": "80"}, "missing_lines": [30, 31, 33, 36], "excluded_lines": [], "functions": {"download_data": {"executed_lines": [6, 7, 8, 10, 21, 22, 23, 24, 26, 27, 28, 29], "summary": {"covered_lines": 12, "num_statements": 15, "percent_covered": 80.0, "percent_covered_display": "80", "missing_lines": 3, "excluded_lines": 0, "percent_statements_covered": 80.0, "percent_statements_covered_display": "80"}, "missing_lines": [30, 31, 33], "excluded_lines": [], "start_line": 4}, "": {"executed_lines": [1, 2, 4, 35], "summary": {"covered_lines": 4, "num_statements": 5, "percent_covered": 80.0, "percent_covered_display": "80", "missing_lines": 1, "excluded_lines": 0, "percent_statements_covered": 80.0, "percent_statements_covered_display": "80"}, "missing_lines": [36], "excluded_lines": [], "start_line": 1}}, "classes": {"": {"executed_lines": [1, 2, 4, 6, 7, 8, 10, 21, 22, 23, 24, 26, 27, 28, 29, 35], "summary": {"covered_lines": 16, "num_statements": 20, "percent_covered": 80.0, "percent_covered_display": "80", "missing_lines": 4, "excluded_lines": 0, "percent_statements_covered": 80.0, "percent_statements_covered_display": "80"}, "missing_lines": [30, 31, 33, 36], "excluded_lines": [], "start_line": 1}}}, "src/evaluate.py": {"executed_lines": [1, 2, 3, 6], "summary": {"covered_lines": 4, "num_statements": 13, "percent_covered": 30.76923076923077, "percent_covered_display": "31", "missing_lines": 9, "excluded_lines": 0, "percent_statements_covered": 30.76923076923077, "percent_statements_covered_display": "31"}, "missing_lines": [11, 12, 20, 21, 22, 23, 24, 25, 27], "excluded_lines": [], "functions": {"evaluate_model": {"executed_lines": [], "summary": {"covered_lines": 0, "num_statements": 9, "percent_covered": 0.0, "percent_covered_display": "0", "missing_lines": 9, "excluded_lines": 0, "percent_statements_covered": 0.0, "percent_statements_covered_display": "0"}, "missing_lines": [11, 12, 20, 21, 22, 23, 24, 25, 27], "excluded_lines": [], "start_line": 6}, "": {"executed_lines": [1, 2, 3, 6], "summary": {"covered_lines": 4, "num_statements": 4, "percent_covered": 100.0, "percent_covered_display": "100", "missing_lines": 0, "excluded_lines": 0, "percent_statements_covered": 100.0, "percent_statements_covered_display": "100"}, "missing_lines": [], "excluded_lines": [], "start_line": 1}}, "classes": {"": {"executed_lines": [1, 2, 3, 6], "summary": {"covered_lines": 4, "num_statements": 13, "percent_covered": 30.76923076923077, "percent_covered_display": "31", "missing_lines": 9, "excluded_lines": 0, "percent_statements_covered": 30.76923076923077, "percent_statements_covered_display": "31"}, "missing_lines": [11, 12, 20, 21, 22, 23, 24, 25, 27], "excluded_lines": [], "start_line": 1}}}, "src/feature_engineering.py": {"executed_lines": [1, 2, 5, 8, 11, 12, 13, 16, 17, 19, 22], "summary": {"covered_lines": 11, "num_statements": 18, "percent_covered": 61.111111111111114, "percent_covered_display": "61", "missing_lines": 7, "excluded_lines": 0, "percent_statements_covered": 61.111111111111114, "percent_statements_covered_display": "61"}, "missing_lines": [28, 30, 31, 34, 35, 36, 38], "excluded_lines": [], "functions": {"create_features": {"executed_lines": [8, 11, 12, 13, 16, 17, 19], "summary": {"covered_lines": 7, "num_statements": 7, "percent_covered": 100.0, "percent_covered_display": "100", "missing_lines": 0, "excluded_lines": 0, "percent_statements_covered": 100.0, "percent_statements_covered_display": "100"}, "missing_lines": [], "excluded_lines": [], "start_line": 5}, "select_features": {"executed_lines": [], "summary": {"covered_lines": 0, "num_statements": 7, "percent_covered": 0.0, "percent_covered_display": "0", "missing_lines": 7, "excluded_lines": 0, "percent_statements_covered": 0.0, "percent_statements_covered_display": "0"}, "missing_lines": [28, 30, 31, 34, 35, 36, 38], "excluded_lines": [], "start_line": 22}, "": {"executed_lines": [1, 2, 5, 22], "summary": {"covered_lines": 4, "num_statements": 4, "percent_covered": 100.0, "percent_covered_display": "100", "missing_lines": 0, "excluded_lines": 0, "percent_statements_covered": 100.0, "percent_statements_covered_display": "100"}, "missing_lines": [], "excluded_lines": [], "start_line": 1}}, "classes": {"": {"executed_lines": [1, 2, 5, 8, 11, 12, 13, 16, 17, 19, 22], "summary": {"covered_lines": 11, "num_statements": 18, "percent_covered": 61.111111111111114, "percent_covered_display": "61", "missing_lines": 7, "excluded_lines": 0, "percent_statements_covered": 61.111111111111114, "percent_statements_covered_display": "61"}, "missing_lines": [28, 30, 31, 34, 35, 36, 38], "excluded_lines": [], "start_line": 1}}}, "src/preprocessing.py": {"executed_lines": [1, 2, 3, 6, 11, 12, 15, 16, 17, 18, 19, 22, 26, 27, 29, 30, 31, 32, 33, 34, 41, 47, 48, 51, 52, 55, 57, 60, 72, 74, 75, 87, 90, 91, 93, 96, 102, 103, 106, 113], "summary": {"covered_lines": 40, "num_statements": 59, "percent_covered": 67.79661016949153, "percent_covered_display": "68", "missing_lines": 19, "excluded_lines": 0, "percent_statements_covered": 67.79661016949153, "percent_statements_covered_display": "68"}, "missing_lines": [13, 35, 36, 38, 107, 108, 110, 117, 118, 119, 120, 121, 122, 123, 126, 127, 128, 129, 130], "excluded_lines": [], "functions": {"load_data": {"executed_lines": [11, 12, 15, 16, 17, 18, 19], "summary": {"covered_lines": 7, "num_statements": 8, "percent_covered": 87.5, "percent_covered_display": "88", "missing_lines": 1, "excluded_lines": 0, "percent_statements_covered": 87.5, "percent_statements_covered_display": "88"}, "missing_lines": [13], "excluded_lines": [], "start_line": 6}, "load_csv_with_fallback": {"executed_lines": [26, 27, 29, 30, 31, 32, 33, 34], "summary": {"covered_lines": 8, "num_statements": 11, "percent_covered": 72.72727272727273, "percent_covered_display": "73", "missing_lines": 3, "excluded_lines": 0, "percent_statements_covered": 72.72727272727273, "percent_statements_covered_display": "73"}, "missing_lines": [35, 36, 38], "excluded_lines": [], "start_line": 22}, "clean_data": {"executed_lines": [47, 48, 51, 52, 55, 57], "summary": {"covered_lines": 6, "num_statements": 6, "percent_covered": 100.0, "percent_covered_display": "100", "missing_lines": 0, "excluded_lines": 0, "percent_statements_covered": 100.0, "percent_statements_covered_display": "100"}, "missing_lines": [], "excluded_lines": [], "start_line": 41}, "sample_data": {"executed_lines": [72, 74, 75, 87, 90, 91, 93], "summary": {"covered_lines": 7, "num_statements": 7, "percent_covered": 100.0, "percent_covered_display": "100", "missing_lines": 0, "excluded_lines": 0, "percent_statements_covered": 100.0, "percent_statements_covered_display": "100"}, "missing_lines": [], "excluded_lines": [], "start_line": 60}, "prepare_real_data": {"executed_lines": [102, 103, 106], "summary": {"covered_lines": 3, "num_statements": 6, "percent_covered": 50.0, "percent_covered_display": "50", "missing_lines": 3, "excluded_lines": 0, "percent_statements_covered": 50.0, "percent_statements_covered_display": "50"}, "missing_lines": [107, 108, 110], "excluded_lines": [], "start_line": 96}, "extract_data_from_pdf": {"executed_lines": [], "summary": {"covered_lines": 0, "num_statements": 12, "percent_covered": 0.0, "percent_covered_display": "0", "missing_lines": 12, "excluded_lines": 0, "percent_statements_covered": 0.0, "percent_statements_covered_display": "0"}, "missing_lines": [117, 118, 119, 120, 121, 122, 123, 126, 127, 128, 129, 130], "excluded_lines": [], "start_line": 113}, "": {"executed_lines": [1, 2, 3, 6, 22, 41, 60, 96, 113], "summary": {"covered_lines": 9, "num_statements": 9, "percent_covered": 100.0, "percent_covered_display": "100", "missing_lines": 0, "excluded_lines": 0, "percent_statements_covered": 100.0, "percent_statements_covered_display": "100"}, "missing_lines": [], "excluded_lines": [], "start_line": 1}}, "classes": {"": {"executed_lines": [1, 2, 3, 6, 11, 12, 15, 16, 17, 18, 19, 22, 26, 27, 29, 30, 31, 32, 33, 34, 41, 47, 48, 51, 52, 55, 57, 60, 72, 74, 75, 87, 90, 91, 93, 96, 102, 103, 106, 113], "summary": {"covered_lines": 40, "num_statements": 59, "percent_covered": 67.79661016949153, "percent_covered_display": "68", "missing_lines": 19, "excluded_lines": 0, "percent_statements_covered": 67.79661016949153, "percent_statements_covered_display": "68"}, "missing_lines": [13, 35, 36, 38, 107, 108, 110, 117, 118, 119, 120, 121, 122, 123, 126, 127, 128, 129, 130], "excluded_lines": [], "start_line": 1}}}, "src/train.py": {"executed_lines": [1, 2, 5, 7, 8, 9, 10, 11, 12, 13, 14, 15, 16, 19, 27, 31, 32, 34, 102], "summary": {"covered_lines": 19, "num_statements": 54, "percent_covered": 35.18518518518518, "percent_covered_display": "35", "missing_lines": 35, "excluded_lines": 0, "percent_statements_covered": 35.18518518518518, "percent_statements_covered_display": "35"}, "missing_lines": [28, 29, 37, 38, 41, 42, 43, 45, 46, 49, 50, 53, 58, 63, 69, 73, 76, 79, 80, 83, 84, 85, 88, 89, 90, 93, 94, 95, 96, 97, 99, 103, 104, 105, 106], "excluded_lines": [], "functions": {"train_model": {"executed_lines": [27, 31, 32, 34], "summary": {"covered_lines": 4, "num_statements": 35, "percent_covered": 11.428571428571429, "percent_covered_display": "11", "missing_lines": 31, "excluded_lines": 0, "percent_statements_covered": 11.428571428571429, "percent_statements_covered_display": "11"}, "missing_lines": [28, 29, 37, 38, 41, 42, 43, 45, 46, 49, 50, 53, 58, 63, 69, 73, 76, 79, 80, 83, 84, 85, 88, 89, 90, 93, 94, 95, 96, 97, 99], "excluded_lines": [], "start_line": 19}, "": {"executed_lines": [1, 2, 5, 7, 8, 9, 10, 11, 12, 13, 14, 15, 16, 19, 102], "summary": {"covered_lines": 15, "num_statements": 19, "percent_covered": 78.94736842105263, "percent_covered_display": "79", "missing_lines": 4, "excluded_lines": 0, "percent_statements_covered": 78.94736842105263, "percent_statements_covered_display": "79"}, "missing_lines": [103, 104, 105, 106], "excluded_lines": [], "start_line": 1}}, "classes": {"": {"executed_lines": [1, 2, 5, 7, 8, 9, 10, 11, 12, 13, 14, 15, 16, 19, 27, 31, 32, 34, 102], "summary": {"covered_lines": 19, "num_statements": 54, "percent_covered": 35.18518518518518, "percent_covered_display": "35", "missing_lines": 35, "excluded_lines": 0, "percent_statements_covered": 35.18518518518518, "percent_statements_covered_display": "35"}, "missing_lines": [28, 29, 37, 38, 41, 42, 43, 45, 46, 49, 50, 53, 58, 63, 69, 73, 76, 79, 80, 83, 84, 85, 88, 89, 90, 93, 94, 95, 96, 97, 99, 103, 104, 105, 106], "excluded_lines": [], "start_line": 1}}}}, "totals": {"covered_lines": 154, "num_statements": 267, "percent_covered": 57.67790262172284, "percent_covered_display": "58", "missing_lines": 113, "excluded_lines": 0, "percent_statements_covered": 57.67790262172284, "percent_statements_covered_display": "58"}}